<?xml version="1.0" encoding="UTF-8"?>
<!-- Generated by org.testng.reporters.JUnitXMLReporter -->
<testsuite hostname="LAPTOP-UJMV62ID" ignored="0" name="Default test" tests="3" failures="0" timestamp="23 Jul 2018 13:56:25 GMT" time="51.335" errors="0">
  <testcase name="ExcelTest" time="5.159" classname="com.qa.test.TestAmazonUser"/>
  <testcase name="ExcelTest" time="1.988" classname="com.qa.test.TestAmazonUser"/>
  <testcase name="ExcelTest" time="2.157" classname="com.qa.test.TestAmazonUser"/>
</testsuite> <!-- Default test -->
